<?xml version="1.0" encoding="UTF-8"?>
<!-- Generated by org.testng.reporters.JUnitReportReporter -->
<testsuite hostname="DESKTOP-28VNVH3" failures="0" tests="5" name="imp_Practice.orangehrmlive_Dataprovider_excel_testclass" time="116.898" errors="0" timestamp="2023-06-30T12:43:21 IST" skipped="0">
  <testcase classname="imp_Practice.orangehrmlive_Dataprovider_excel_testclass" name="TestLogin" time="23.761"/>
  <system-out/>
  <testcase classname="imp_Practice.orangehrmlive_Dataprovider_excel_testclass" name="TestLogin" time="22.213"/>
  <system-out/>
  <testcase classname="imp_Practice.orangehrmlive_Dataprovider_excel_testclass" name="TestLogin" time="21.912"/>
  <system-out/>
  <testcase classname="imp_Practice.orangehrmlive_Dataprovider_excel_testclass" name="TestLogin" time="25.556"/>
  <system-out/>
  <testcase classname="imp_Practice.orangehrmlive_Dataprovider_excel_testclass" name="TestLogin" time="23.456"/>
  <system-out/>
</testsuite> <!-- imp_Practice.orangehrmlive_Dataprovider_excel_testclass -->
