<?xml version="1.0" encoding="UTF-8"?>
<!-- Generated by org.testng.reporters.JUnitReportReporter -->
<testsuite hostname="DESKTOP-28VNVH3" failures="0" tests="1" name="POM_TestNG.TestNG_Pom" time="23.867" errors="0" timestamp="2023-06-19T12:06:20 IST" skipped="0">
  <testcase classname="POM_TestNG.TestNG_Pom" name="verifyfullName" time="23.867"/>
  <system-out/>
</testsuite> <!-- POM_TestNG.TestNG_Pom -->
